*
* Visual Studio Code Server
*
* By using the software, you agree to
* the Visual Studio Code Server License Terms (https://aka.ms/vscode-server-license) and
* the Microsoft Privacy Statement (https://privacy.microsoft.com/en-US/privacystatement).
*
Server bound to 127.0.0.1:39107 (IPv4)
Extension host agent listening on 39107

[09:23:42] Extension host agent started.
[09:23:43] [127.0.0.1][906e6bfe][ManagementConnection] New connection established.
[09:23:43] [127.0.0.1][5e90c269][ExtensionHostConnection] New connection established.
[09:23:43] [127.0.0.1][5e90c269][ExtensionHostConnection] <1582> Launched Extension Host Process.
[09:44:23] Getting Manifest... ms-vscode.cpptools-extension-pack
[09:44:23] Installing extension: ms-vscode.cpptools-extension-pack
[09:44:25] Getting Manifest... ms-vscode.cpptools
[09:44:25] Getting Manifest... ms-vscode.cmake-tools
[09:44:26] Getting Manifest... twxs.cmake
[09:44:26] Getting Manifest... ms-vscode.cpptools-themes
[09:44:27] Installing extension: ms-vscode.cpptools
[09:44:27] Installing extension: ms-vscode.cmake-tools
[09:44:27] Installing extension: twxs.cmake
[09:44:27] Installing extension: ms-vscode.cpptools-themes
[09:44:27] Downloaded extension: ms-vscode.cpptools-themes /home/lsp60/.vscode-server/data/CachedExtensionVSIXs/ms-vscode.cpptools-themes-2.0.0
[09:44:27] Extracted extension to /home/lsp60/.vscode-server/extensions/.8f3675ce-7e8b-47a8-86d6-846ab054a622: ms-vscode.cpptools-themes
[09:44:27] Renamed to /home/lsp60/.vscode-server/extensions/ms-vscode.cpptools-themes-2.0.0
[09:44:28] Extracting completed. ms-vscode.cpptools-themes
[09:44:28] Downloaded extension: ms-vscode.cmake-tools /home/lsp60/.vscode-server/data/CachedExtensionVSIXs/ms-vscode.cmake-tools-1.12.27
[09:44:28] Extracted extension to /home/lsp60/.vscode-server/extensions/.7e8aef70-c5cd-4853-9419-f3e500d3b8e1: ms-vscode.cmake-tools
[09:44:28] Renamed to /home/lsp60/.vscode-server/extensions/ms-vscode.cmake-tools-1.12.27
[09:44:28] Extracting completed. ms-vscode.cmake-tools
[09:44:35] Downloaded extension: ms-vscode.cpptools /home/lsp60/.vscode-server/data/CachedExtensionVSIXs/ms-vscode.cpptools-1.11.5-linux-x64
[09:44:36] Downloaded extension: twxs.cmake /home/lsp60/.vscode-server/data/CachedExtensionVSIXs/twxs.cmake-0.0.17
[09:44:36] Extracted extension to /home/lsp60/.vscode-server/extensions/.18737ab5-124a-4d8f-82b1-10577021f0ed: twxs.cmake
[09:44:36] Renamed to /home/lsp60/.vscode-server/extensions/twxs.cmake-0.0.17
[09:44:36] Extracting completed. twxs.cmake
[09:44:41] Extracted extension to /home/lsp60/.vscode-server/extensions/.4ad4afec-dbcc-49b0-bae6-66294c843f67: ms-vscode.cpptools
[09:44:41] Renamed to /home/lsp60/.vscode-server/extensions/ms-vscode.cpptools-1.11.5
[09:44:41] Extracting completed. ms-vscode.cpptools
[09:44:42] Downloaded extension: ms-vscode.cpptools-extension-pack /home/lsp60/.vscode-server/data/CachedExtensionVSIXs/ms-vscode.cpptools-extension-pack-1.3.0
[09:44:42] Extracted extension to /home/lsp60/.vscode-server/extensions/.397bc151-2096-45dc-90e2-e5199817810a: ms-vscode.cpptools-extension-pack
[09:44:42] Renamed to /home/lsp60/.vscode-server/extensions/ms-vscode.cpptools-extension-pack-1.3.0
[09:44:42] Extracting completed. ms-vscode.cpptools-extension-pack
[09:44:42] Extension installed successfully: ms-vscode.cpptools-themes
[09:44:42] Extension installed successfully: ms-vscode.cmake-tools
[09:44:42] Extension installed successfully: twxs.cmake
[09:44:42] Extension installed successfully: ms-vscode.cpptools
[09:44:42] Extension installed successfully: ms-vscode.cpptools-extension-pack
[10:17:18] [127.0.0.1][906e6bfe][ManagementConnection] The client has disconnected gracefully, so the connection will be disposed.
[10:17:18] [127.0.0.1][5e90c269][ExtensionHostConnection] <1582> Extension Host Process exited with code: 0, signal: null.
Last EH closed, waiting before shutting down
[10:17:18] Last EH closed, waiting before shutting down
Got delay-shutdown request while in shutdown timeout, delaying
[10:17:24] Got delay-shutdown request while in shutdown timeout, delaying
Cancelling previous shutdown timeout
[10:17:24] Cancelling previous shutdown timeout
[10:17:24] [127.0.0.1][51319f36][ExtensionHostConnection] New connection established.
[10:17:24] [127.0.0.1][7eaa703b][ManagementConnection] New connection established.
[10:17:24] [127.0.0.1][51319f36][ExtensionHostConnection] <7982> Launched Extension Host Process.
New EH opened, aborting shutdown
[10:22:24] New EH opened, aborting shutdown
[13:03:14] [127.0.0.1][7eaa703b][ManagementConnection] The client has disconnected gracefully, so the connection will be disposed.
[13:03:14] [127.0.0.1][51319f36][ExtensionHostConnection] <7982> Extension Host Process exited with code: 0, signal: null.
Last EH closed, waiting before shutting down
[13:03:14] Last EH closed, waiting before shutting down
Got delay-shutdown request while in shutdown timeout, delaying
[13:05:52] Got delay-shutdown request while in shutdown timeout, delaying
Cancelling previous shutdown timeout
[13:05:52] Cancelling previous shutdown timeout
[13:05:52] [127.0.0.1][792f1e49][ManagementConnection] New connection established.
[13:05:52] [127.0.0.1][7c4e6cac][ExtensionHostConnection] New connection established.
[13:05:52] [127.0.0.1][7c4e6cac][ExtensionHostConnection] <4048> Launched Extension Host Process.
[13:06:05] [127.0.0.1][792f1e49][ManagementConnection] The client has disconnected gracefully, so the connection will be disposed.
[13:06:05] [127.0.0.1][7c4e6cac][ExtensionHostConnection] <4048> Extension Host Process exited with code: 0, signal: null.
Cancelling previous shutdown timeout
[13:06:05] Cancelling previous shutdown timeout
Last EH closed, waiting before shutting down
[13:06:05] Last EH closed, waiting before shutting down
Last EH closed, shutting down
[13:11:05] Last EH closed, shutting down
